Determining if the pthread_create exist failed with the following output:
Change Dir: /home/saso/BOSP/contrib/user/FaceDetect/build/Release/CMakeFiles/CMakeTmp

Run Build Command:"/usr/bin/make" "cmTC_b52d3/fast"
make[1]: Entering directory '/home/saso/BOSP/contrib/user/FaceDetect/build/Release/CMakeFiles/CMakeTmp'
/usr/bin/make -f CMakeFiles/cmTC_b52d3.dir/build.make CMakeFiles/cmTC_b52d3.dir/build
make[2]: Entering directory '/home/saso/BOSP/contrib/user/FaceDetect/build/Release/CMakeFiles/CMakeTmp'
Building C object CMakeFiles/cmTC_b52d3.dir/CheckSymbolExists.c.o
/usr/bin/x86_64-linux-gnu-gcc-7   -march=native    -o CMakeFiles/cmTC_b52d3.dir/CheckSymbolExists.c.o   -c /home/saso/BOSP/contrib/user/FaceDetect/build/Release/CMakeFiles/CMakeTmp/CheckSymbolExists.c
Linking C executable cmTC_b52d3
/usr/bin/cmake -E cmake_link_script CMakeFiles/cmTC_b52d3.dir/link.txt --verbose=1
/usr/bin/x86_64-linux-gnu-gcc-7 -march=native     -rdynamic CMakeFiles/cmTC_b52d3.dir/CheckSymbolExists.c.o  -o cmTC_b52d3 
CMakeFiles/cmTC_b52d3.dir/CheckSymbolExists.c.o: In function `main':
CheckSymbolExists.c:(.text+0x1b): undefined reference to `pthread_create'
collect2: error: ld returned 1 exit status
CMakeFiles/cmTC_b52d3.dir/build.make:97: recipe for target 'cmTC_b52d3' failed
make[2]: *** [cmTC_b52d3] Error 1
make[2]: Leaving directory '/home/saso/BOSP/contrib/user/FaceDetect/build/Release/CMakeFiles/CMakeTmp'
Makefile:126: recipe for target 'cmTC_b52d3/fast' failed
make[1]: *** [cmTC_b52d3/fast] Error 2
make[1]: Leaving directory '/home/saso/BOSP/contrib/user/FaceDetect/build/Release/CMakeFiles/CMakeTmp'

File /home/saso/BOSP/contrib/user/FaceDetect/build/Release/CMakeFiles/CMakeTmp/CheckSymbolExists.c:
/* */
#include <pthread.h>

int main(int argc, char** argv)
{
  (void)argv;
#ifndef pthread_create
  return ((int*)(&pthread_create))[argc];
#else
  (void)argc;
  return 0;
#endif
}

Determining if the function pthread_create exists in the pthreads failed with the following output:
Change Dir: /home/saso/BOSP/contrib/user/FaceDetect/build/Release/CMakeFiles/CMakeTmp

Run Build Command:"/usr/bin/make" "cmTC_53576/fast"
make[1]: Entering directory '/home/saso/BOSP/contrib/user/FaceDetect/build/Release/CMakeFiles/CMakeTmp'
/usr/bin/make -f CMakeFiles/cmTC_53576.dir/build.make CMakeFiles/cmTC_53576.dir/build
make[2]: Entering directory '/home/saso/BOSP/contrib/user/FaceDetect/build/Release/CMakeFiles/CMakeTmp'
Building C object CMakeFiles/cmTC_53576.dir/CheckFunctionExists.c.o
/usr/bin/x86_64-linux-gnu-gcc-7   -march=native -DCHECK_FUNCTION_EXISTS=pthread_create   -o CMakeFiles/cmTC_53576.dir/CheckFunctionExists.c.o   -c /usr/share/cmake-3.10/Modules/CheckFunctionExists.c
Linking C executable cmTC_53576
/usr/bin/cmake -E cmake_link_script CMakeFiles/cmTC_53576.dir/link.txt --verbose=1
/usr/bin/x86_64-linux-gnu-gcc-7 -march=native -DCHECK_FUNCTION_EXISTS=pthread_create    -rdynamic CMakeFiles/cmTC_53576.dir/CheckFunctionExists.c.o  -o cmTC_53576 -lpthreads 
/usr/bin/ld: cannot find -lpthreads
collect2: error: ld returned 1 exit status
CMakeFiles/cmTC_53576.dir/build.make:97: recipe for target 'cmTC_53576' failed
make[2]: *** [cmTC_53576] Error 1
make[2]: Leaving directory '/home/saso/BOSP/contrib/user/FaceDetect/build/Release/CMakeFiles/CMakeTmp'
Makefile:126: recipe for target 'cmTC_53576/fast' failed
make[1]: *** [cmTC_53576/fast] Error 2
make[1]: Leaving directory '/home/saso/BOSP/contrib/user/FaceDetect/build/Release/CMakeFiles/CMakeTmp'


